<?xml version="1.0" encoding="UTF-8"?>
<!-- Generated by org.testng.reporters.JUnitReportReporter -->
<testsuite hostname="LAPTOP-1060UUMJ" failures="0" tests="2" name="sep11.Advance_Report" time="16.764" errors="0" timestamp="2023-09-16T19:07:27 IST" skipped="0">
  <testcase classname="sep11.Advance_Report" name="passTest" time="9.185"/>
  <testcase classname="sep11.Advance_Report" name="failTest" time="7.579"/>
</testsuite> <!-- sep11.Advance_Report -->
