<?xml version="1.0" encoding="UTF-8"?>
<!-- Generated by org.testng.reporters.JUnitReportReporter -->
<testsuite hostname="LAPTOP-1060UUMJ" failures="0" tests="1" name="sep11.PropertyFile" time="0.996" errors="0" timestamp="2023-09-16T18:55:59 IST" skipped="0">
  <testcase classname="sep11.PropertyFile" name="startTest" time="0.996"/>
</testsuite> <!-- sep11.PropertyFile -->
